<?xml version="1.0" encoding="UTF-8"?>
<coverage generated="1600939907506" clover="3.2.0">
  <project timestamp="1600939907507" name="All files">
    <metrics statements="48" coveredstatements="43" conditionals="22" coveredconditionals="13" methods="8" coveredmethods="5" elements="78" coveredelements="61" complexity="0" loc="48" ncloc="48" packages="1" files="2" classes="2"/>
    <file name="index.ts" path="D:\backup\orxe-assignment\packages\time-picker\src\index.ts">
      <metrics statements="0" coveredstatements="0" conditionals="0" coveredconditionals="0" methods="0" coveredmethods="0"/>
    </file>
    <file name="orxe-time-picker.ts" path="D:\backup\orxe-assignment\packages\time-picker\src\orxe-time-picker.ts">
      <metrics statements="48" coveredstatements="43" conditionals="22" coveredconditionals="13" methods="8" coveredmethods="5"/>
      <line num="6" count="7" type="stmt"/>
      <line num="10" count="0" type="cond" truecount="0" falsecount="4"/>
      <line num="11" count="0" type="stmt"/>
      <line num="13" count="0" type="stmt"/>
      <line num="16" count="7" type="stmt"/>
      <line num="19" count="7" type="stmt"/>
      <line num="22" count="7" type="stmt"/>
      <line num="25" count="7" type="stmt"/>
      <line num="30" count="7" type="stmt"/>
      <line num="31" count="7" type="stmt"/>
      <line num="32" count="7" type="stmt"/>
      <line num="35" count="7" type="stmt"/>
      <line num="36" count="7" type="cond" truecount="1" falsecount="1"/>
      <line num="37" count="0" type="stmt"/>
      <line num="44" count="1" type="stmt"/>
      <line num="45" count="1" type="stmt"/>
      <line num="46" count="1" type="stmt"/>
      <line num="47" count="1" type="stmt"/>
      <line num="49" count="1" type="stmt"/>
      <line num="50" count="24" type="stmt"/>
      <line num="51" count="24" type="stmt"/>
      <line num="52" count="24" type="stmt"/>
      <line num="53" count="24" type="cond" truecount="2" falsecount="0"/>
      <line num="54" count="1" type="stmt"/>
      <line num="56" count="24" type="cond" truecount="2" falsecount="0"/>
      <line num="57" count="1" type="stmt"/>
      <line num="59" count="24" type="stmt"/>
      <line num="60" count="24" type="stmt"/>
      <line num="62" count="24" type="stmt"/>
      <line num="63" count="24" type="stmt"/>
      <line num="64" count="24" type="cond" truecount="2" falsecount="0"/>
      <line num="65" count="1" type="stmt"/>
      <line num="66" count="1" type="stmt"/>
      <line num="67" count="1" type="stmt"/>
      <line num="68" count="1" type="stmt"/>
      <line num="69" count="1" type="cond" truecount="1" falsecount="1"/>
      <line num="70" count="1" type="stmt"/>
      <line num="71" count="1" type="stmt"/>
      <line num="81" count="7" type="stmt"/>
      <line num="91" count="0" type="stmt"/>
      <line num="105" count="1" type="stmt"/>
      <line num="112" count="1" type="stmt"/>
      <line num="113" count="1" type="stmt"/>
      <line num="114" count="1" type="cond" truecount="1" falsecount="1"/>
      <line num="115" count="1" type="stmt"/>
      <line num="117" count="1" type="stmt"/>
      <line num="122" count="1" type="stmt"/>
      <line num="128" count="2" type="stmt"/>
    </file>
  </project>
</coverage>
