{"D:\\Tavisca\\orxe-assignment\\packages\\time-picker\\src\\index.ts": {"path":"D:\\Tavisca\\orxe-assignment\\packages\\time-picker\\src\\index.ts","statementMap":{},"fnMap":{},"branchMap":{},"s":{},"f":{},"b":{},"_coverageSchema":"1a1c01bbd47fc00a2c39e90264f33305004495a9","hash":"bdec1a78da211e3393d44833e0e01e47a9d5d852"}
,"D:\\Tavisca\\orxe-assignment\\packages\\time-picker\\src\\orxe-time-picker.ts": {"path":"D:\\Tavisca\\orxe-assignment\\packages\\time-picker\\src\\orxe-time-picker.ts","statementMap":{"0":{"start":{"line":6,"column":25},"end":{"line":6,"column":26}},"1":{"start":{"line":10,"column":4},"end":{"line":10,"column":30}},"2":{"start":{"line":11,"column":4},"end":{"line":11,"column":35}},"3":{"start":{"line":14,"column":29},"end":{"line":14,"column":33}},"4":{"start":{"line":17,"column":15},"end":{"line":17,"column":28}},"5":{"start":{"line":20,"column":11},"end":{"line":20,"column":15}},"6":{"start":{"line":23,"column":16},"end":{"line":26,"column":3}},"7":{"start":{"line":28,"column":27},"end":{"line":28,"column":29}},"8":{"start":{"line":29,"column":21},"end":{"line":29,"column":31}},"9":{"start":{"line":30,"column":17},"end":{"line":30,"column":23}},"10":{"start":{"line":33,"column":4},"end":{"line":33,"column":12}},"11":{"start":{"line":34,"column":4},"end":{"line":36,"column":5}},"12":{"start":{"line":35,"column":6},"end":{"line":35,"column":39}},"13":{"start":{"line":40,"column":12},"end":{"line":40,"column":36}},"14":{"start":{"line":41,"column":20},"end":{"line":41,"column":21}},"15":{"start":{"line":42,"column":13},"end":{"line":42,"column":25}},"16":{"start":{"line":44,"column":4},"end":{"line":55,"column":5}},"17":{"start":{"line":44,"column":17},"end":{"line":44,"column":18}},"18":{"start":{"line":45,"column":15},"end":{"line":45,"column":41}},"19":{"start":{"line":46,"column":16},"end":{"line":46,"column":30}},"20":{"start":{"line":47,"column":6},"end":{"line":47,"column":112}},"21":{"start":{"line":48,"column":6},"end":{"line":50,"column":7}},"22":{"start":{"line":49,"column":8},"end":{"line":49,"column":45}},"23":{"start":{"line":51,"column":6},"end":{"line":53,"column":7}},"24":{"start":{"line":52,"column":8},"end":{"line":52,"column":41}},"25":{"start":{"line":54,"column":6},"end":{"line":54,"column":32}},"26":{"start":{"line":62,"column":4},"end":{"line":82,"column":6}},"27":{"start":{"line":72,"column":38},"end":{"line":80,"column":7}},"28":{"start":{"line":86,"column":4},"end":{"line":86,"column":31}},"29":{"start":{"line":90,"column":4},"end":{"line":90,"column":48}},"30":{"start":{"line":91,"column":4},"end":{"line":91,"column":31}},"31":{"start":{"line":92,"column":4},"end":{"line":94,"column":5}},"32":{"start":{"line":93,"column":6},"end":{"line":93,"column":39}},"33":{"start":{"line":95,"column":24},"end":{"line":99,"column":6}},"34":{"start":{"line":100,"column":4},"end":{"line":100,"column":36}},"35":{"start":{"line":106,"column":18},"end":{"line":106,"column":24}}},"fnMap":{"0":{"name":"(anonymous_0)","decl":{"start":{"line":8,"column":2},"end":{"line":8,"column":3}},"loc":{"start":{"line":9,"column":38},"end":{"line":12,"column":3}},"line":9},"1":{"name":"(anonymous_1)","decl":{"start":{"line":32,"column":2},"end":{"line":32,"column":3}},"loc":{"start":{"line":32,"column":16},"end":{"line":37,"column":3}},"line":32},"2":{"name":"(anonymous_2)","decl":{"start":{"line":39,"column":2},"end":{"line":39,"column":3}},"loc":{"start":{"line":39,"column":39},"end":{"line":56,"column":3}},"line":39},"3":{"name":"(anonymous_3)","decl":{"start":{"line":61,"column":2},"end":{"line":61,"column":3}},"loc":{"start":{"line":61,"column":11},"end":{"line":83,"column":3}},"line":61},"4":{"name":"(anonymous_4)","decl":{"start":{"line":72,"column":30},"end":{"line":72,"column":31}},"loc":{"start":{"line":72,"column":38},"end":{"line":80,"column":7}},"line":72},"5":{"name":"(anonymous_5)","decl":{"start":{"line":85,"column":2},"end":{"line":85,"column":3}},"loc":{"start":{"line":85,"column":15},"end":{"line":87,"column":3}},"line":85},"6":{"name":"(anonymous_6)","decl":{"start":{"line":89,"column":2},"end":{"line":89,"column":3}},"loc":{"start":{"line":89,"column":21},"end":{"line":101,"column":3}},"line":89}},"branchMap":{"0":{"loc":{"start":{"line":34,"column":4},"end":{"line":36,"column":5}},"type":"if","locations":[{"start":{"line":34,"column":4},"end":{"line":36,"column":5}},{"start":{"line":34,"column":4},"end":{"line":36,"column":5}}],"line":34},"1":{"loc":{"start":{"line":48,"column":6},"end":{"line":50,"column":7}},"type":"if","locations":[{"start":{"line":48,"column":6},"end":{"line":50,"column":7}},{"start":{"line":48,"column":6},"end":{"line":50,"column":7}}],"line":48},"2":{"loc":{"start":{"line":51,"column":6},"end":{"line":53,"column":7}},"type":"if","locations":[{"start":{"line":51,"column":6},"end":{"line":53,"column":7}},{"start":{"line":51,"column":6},"end":{"line":53,"column":7}}],"line":51},"3":{"loc":{"start":{"line":67,"column":8},"end":{"line":68,"column":14}},"type":"cond-expr","locations":[{"start":{"line":67,"column":35},"end":{"line":67,"column":98}},{"start":{"line":68,"column":8},"end":{"line":68,"column":14}}],"line":67},"4":{"loc":{"start":{"line":71,"column":28},"end":{"line":71,"column":59}},"type":"cond-expr","locations":[{"start":{"line":71,"column":42},"end":{"line":71,"column":50}},{"start":{"line":71,"column":53},"end":{"line":71,"column":59}}],"line":71},"5":{"loc":{"start":{"line":92,"column":4},"end":{"line":94,"column":5}},"type":"if","locations":[{"start":{"line":92,"column":4},"end":{"line":94,"column":5}},{"start":{"line":92,"column":4},"end":{"line":94,"column":5}}],"line":92}},"s":{"0":6,"1":0,"2":0,"3":6,"4":6,"5":6,"6":6,"7":6,"8":6,"9":6,"10":6,"11":6,"12":0,"13":0,"14":0,"15":0,"16":0,"17":0,"18":0,"19":0,"20":0,"21":0,"22":0,"23":0,"24":0,"25":0,"26":6,"27":0,"28":1,"29":1,"30":1,"31":1,"32":1,"33":1,"34":1,"35":2},"f":{"0":0,"1":6,"2":0,"3":6,"4":0,"5":1,"6":1},"b":{"0":[0,6],"1":[0,0],"2":[0,0],"3":[6,0],"4":[6,0],"5":[1,0]},"_coverageSchema":"1a1c01bbd47fc00a2c39e90264f33305004495a9","hash":"a8af2ed0bb48d20d81ba8282ce81274660229303"}
}
