{"D:\\backup\\orxe-assignment\\packages\\time-picker\\src\\index.ts": {"path":"D:\\backup\\orxe-assignment\\packages\\time-picker\\src\\index.ts","statementMap":{},"fnMap":{},"branchMap":{},"s":{},"f":{},"b":{},"_coverageSchema":"1a1c01bbd47fc00a2c39e90264f33305004495a9","hash":"8a5ab3dac798dd2114c5b970d49fcfc824e6c2f2"}
,"D:\\backup\\orxe-assignment\\packages\\time-picker\\src\\orxe-time-picker.ts": {"path":"D:\\backup\\orxe-assignment\\packages\\time-picker\\src\\orxe-time-picker.ts","statementMap":{"0":{"start":{"line":6,"column":18},"end":{"line":6,"column":19}},"1":{"start":{"line":10,"column":4},"end":{"line":12,"column":5}},"2":{"start":{"line":11,"column":6},"end":{"line":11,"column":17}},"3":{"start":{"line":13,"column":4},"end":{"line":13,"column":35}},"4":{"start":{"line":16,"column":42},"end":{"line":16,"column":44}},"5":{"start":{"line":19,"column":15},"end":{"line":19,"column":31}},"6":{"start":{"line":22,"column":11},"end":{"line":22,"column":15}},"7":{"start":{"line":25,"column":16},"end":{"line":28,"column":3}},"8":{"start":{"line":30,"column":27},"end":{"line":30,"column":29}},"9":{"start":{"line":31,"column":21},"end":{"line":31,"column":31}},"10":{"start":{"line":32,"column":17},"end":{"line":32,"column":23}},"11":{"start":{"line":35,"column":4},"end":{"line":35,"column":12}},"12":{"start":{"line":36,"column":4},"end":{"line":38,"column":5}},"13":{"start":{"line":37,"column":6},"end":{"line":37,"column":39}},"14":{"start":{"line":44,"column":12},"end":{"line":44,"column":41}},"15":{"start":{"line":45,"column":20},"end":{"line":45,"column":21}},"16":{"start":{"line":46,"column":13},"end":{"line":46,"column":25}},"17":{"start":{"line":47,"column":22},"end":{"line":47,"column":24}},"18":{"start":{"line":49,"column":4},"end":{"line":74,"column":5}},"19":{"start":{"line":49,"column":17},"end":{"line":49,"column":18}},"20":{"start":{"line":50,"column":15},"end":{"line":50,"column":41}},"21":{"start":{"line":51,"column":16},"end":{"line":51,"column":30}},"22":{"start":{"line":52,"column":6},"end":{"line":52,"column":112}},"23":{"start":{"line":53,"column":6},"end":{"line":55,"column":7}},"24":{"start":{"line":54,"column":8},"end":{"line":54,"column":45}},"25":{"start":{"line":56,"column":6},"end":{"line":58,"column":7}},"26":{"start":{"line":57,"column":8},"end":{"line":57,"column":41}},"27":{"start":{"line":59,"column":6},"end":{"line":59,"column":32}},"28":{"start":{"line":60,"column":39},"end":{"line":60,"column":59}},"29":{"start":{"line":62,"column":16},"end":{"line":62,"column":26}},"30":{"start":{"line":63,"column":17},"end":{"line":63,"column":29}},"31":{"start":{"line":64,"column":6},"end":{"line":73,"column":7}},"32":{"start":{"line":65,"column":20},"end":{"line":65,"column":34}},"33":{"start":{"line":66,"column":21},"end":{"line":66,"column":29}},"34":{"start":{"line":67,"column":8},"end":{"line":67,"column":24}},"35":{"start":{"line":68,"column":25},"end":{"line":68,"column":62}},"36":{"start":{"line":68,"column":47},"end":{"line":68,"column":61}},"37":{"start":{"line":69,"column":8},"end":{"line":72,"column":9}},"38":{"start":{"line":70,"column":10},"end":{"line":70,"column":25}},"39":{"start":{"line":71,"column":10},"end":{"line":71,"column":52}},"40":{"start":{"line":81,"column":4},"end":{"line":101,"column":6}},"41":{"start":{"line":91,"column":47},"end":{"line":99,"column":7}},"42":{"start":{"line":105,"column":4},"end":{"line":105,"column":31}},"43":{"start":{"line":112,"column":4},"end":{"line":112,"column":53}},"44":{"start":{"line":113,"column":4},"end":{"line":113,"column":31}},"45":{"start":{"line":114,"column":4},"end":{"line":116,"column":5}},"46":{"start":{"line":115,"column":6},"end":{"line":115,"column":39}},"47":{"start":{"line":117,"column":24},"end":{"line":121,"column":6}},"48":{"start":{"line":122,"column":4},"end":{"line":122,"column":36}},"49":{"start":{"line":128,"column":18},"end":{"line":128,"column":24}}},"fnMap":{"0":{"name":"(anonymous_0)","decl":{"start":{"line":8,"column":2},"end":{"line":8,"column":3}},"loc":{"start":{"line":9,"column":43},"end":{"line":14,"column":3}},"line":9},"1":{"name":"(anonymous_1)","decl":{"start":{"line":34,"column":2},"end":{"line":34,"column":3}},"loc":{"start":{"line":34,"column":16},"end":{"line":39,"column":3}},"line":34},"2":{"name":"(anonymous_2)","decl":{"start":{"line":43,"column":2},"end":{"line":43,"column":3}},"loc":{"start":{"line":43,"column":50},"end":{"line":75,"column":3}},"line":43},"3":{"name":"(anonymous_3)","decl":{"start":{"line":68,"column":37},"end":{"line":68,"column":38}},"loc":{"start":{"line":68,"column":47},"end":{"line":68,"column":61}},"line":68},"4":{"name":"(anonymous_4)","decl":{"start":{"line":80,"column":2},"end":{"line":80,"column":3}},"loc":{"start":{"line":80,"column":11},"end":{"line":102,"column":3}},"line":80},"5":{"name":"(anonymous_5)","decl":{"start":{"line":91,"column":30},"end":{"line":91,"column":31}},"loc":{"start":{"line":91,"column":47},"end":{"line":99,"column":7}},"line":91},"6":{"name":"(anonymous_6)","decl":{"start":{"line":104,"column":2},"end":{"line":104,"column":3}},"loc":{"start":{"line":104,"column":15},"end":{"line":106,"column":3}},"line":104},"7":{"name":"(anonymous_7)","decl":{"start":{"line":111,"column":2},"end":{"line":111,"column":3}},"loc":{"start":{"line":111,"column":27},"end":{"line":123,"column":3}},"line":111}},"branchMap":{"0":{"loc":{"start":{"line":10,"column":4},"end":{"line":12,"column":5}},"type":"if","locations":[{"start":{"line":10,"column":4},"end":{"line":12,"column":5}},{"start":{"line":10,"column":4},"end":{"line":12,"column":5}}],"line":10},"1":{"loc":{"start":{"line":10,"column":8},"end":{"line":10,"column":45}},"type":"binary-expr","locations":[{"start":{"line":10,"column":8},"end":{"line":10,"column":22}},{"start":{"line":10,"column":26},"end":{"line":10,"column":45}}],"line":10},"2":{"loc":{"start":{"line":36,"column":4},"end":{"line":38,"column":5}},"type":"if","locations":[{"start":{"line":36,"column":4},"end":{"line":38,"column":5}},{"start":{"line":36,"column":4},"end":{"line":38,"column":5}}],"line":36},"3":{"loc":{"start":{"line":53,"column":6},"end":{"line":55,"column":7}},"type":"if","locations":[{"start":{"line":53,"column":6},"end":{"line":55,"column":7}},{"start":{"line":53,"column":6},"end":{"line":55,"column":7}}],"line":53},"4":{"loc":{"start":{"line":56,"column":6},"end":{"line":58,"column":7}},"type":"if","locations":[{"start":{"line":56,"column":6},"end":{"line":58,"column":7}},{"start":{"line":56,"column":6},"end":{"line":58,"column":7}}],"line":56},"5":{"loc":{"start":{"line":64,"column":6},"end":{"line":73,"column":7}},"type":"if","locations":[{"start":{"line":64,"column":6},"end":{"line":73,"column":7}},{"start":{"line":64,"column":6},"end":{"line":73,"column":7}}],"line":64},"6":{"loc":{"start":{"line":69,"column":8},"end":{"line":72,"column":9}},"type":"if","locations":[{"start":{"line":69,"column":8},"end":{"line":72,"column":9}},{"start":{"line":69,"column":8},"end":{"line":72,"column":9}}],"line":69},"7":{"loc":{"start":{"line":86,"column":8},"end":{"line":87,"column":14}},"type":"cond-expr","locations":[{"start":{"line":86,"column":62},"end":{"line":86,"column":125}},{"start":{"line":87,"column":8},"end":{"line":87,"column":14}}],"line":86},"8":{"loc":{"start":{"line":86,"column":8},"end":{"line":86,"column":59}},"type":"binary-expr","locations":[{"start":{"line":86,"column":8},"end":{"line":86,"column":32}},{"start":{"line":86,"column":36},"end":{"line":86,"column":59}}],"line":86},"9":{"loc":{"start":{"line":90,"column":28},"end":{"line":90,"column":59}},"type":"cond-expr","locations":[{"start":{"line":90,"column":42},"end":{"line":90,"column":50}},{"start":{"line":90,"column":53},"end":{"line":90,"column":59}}],"line":90},"10":{"loc":{"start":{"line":114,"column":4},"end":{"line":116,"column":5}},"type":"if","locations":[{"start":{"line":114,"column":4},"end":{"line":116,"column":5}},{"start":{"line":114,"column":4},"end":{"line":116,"column":5}}],"line":114}},"s":{"0":7,"1":0,"2":0,"3":0,"4":7,"5":7,"6":7,"7":7,"8":7,"9":7,"10":7,"11":7,"12":7,"13":0,"14":1,"15":1,"16":1,"17":1,"18":1,"19":1,"20":24,"21":24,"22":24,"23":24,"24":1,"25":24,"26":1,"27":24,"28":24,"29":24,"30":24,"31":24,"32":1,"33":1,"34":1,"35":1,"36":0,"37":1,"38":1,"39":1,"40":7,"41":0,"42":1,"43":1,"44":1,"45":1,"46":1,"47":1,"48":1,"49":2},"f":{"0":0,"1":7,"2":1,"3":0,"4":7,"5":0,"6":1,"7":1},"b":{"0":[0,0],"1":[0,0],"2":[0,7],"3":[1,23],"4":[1,23],"5":[1,23],"6":[1,0],"7":[7,0],"8":[7,7],"9":[7,0],"10":[1,0]},"_coverageSchema":"1a1c01bbd47fc00a2c39e90264f33305004495a9","hash":"b6d8c6083f1901af35e571b9c4646b8ac67dd920"}
}
