TN:
SF:src\index.ts
FNF:0
FNH:0
LF:0
LH:0
BRF:0
BRH:0
end_of_record
TN:
SF:src\orxe-time-picker.ts
FN:8,(anonymous_0)
FN:32,(anonymous_1)
FN:39,(anonymous_2)
FN:61,(anonymous_3)
FN:72,(anonymous_4)
FN:85,(anonymous_5)
FN:89,(anonymous_6)
FNF:7
FNH:4
FNDA:0,(anonymous_0)
FNDA:6,(anonymous_1)
FNDA:0,(anonymous_2)
FNDA:6,(anonymous_3)
FNDA:0,(anonymous_4)
FNDA:1,(anonymous_5)
FNDA:1,(anonymous_6)
DA:6,6
DA:10,0
DA:11,0
DA:14,6
DA:17,6
DA:20,6
DA:23,6
DA:28,6
DA:29,6
DA:30,6
DA:33,6
DA:34,6
DA:35,0
DA:40,0
DA:41,0
DA:42,0
DA:44,0
DA:45,0
DA:46,0
DA:47,0
DA:48,0
DA:49,0
DA:51,0
DA:52,0
DA:54,0
DA:62,6
DA:72,0
DA:86,1
DA:90,1
DA:91,1
DA:92,1
DA:93,1
DA:95,1
DA:100,1
DA:106,2
LF:35
LH:19
BRDA:34,0,0,0
BRDA:34,0,1,6
BRDA:48,1,0,0
BRDA:48,1,1,0
BRDA:51,2,0,0
BRDA:51,2,1,0
BRDA:67,3,0,6
BRDA:67,3,1,0
BRDA:71,4,0,6
BRDA:71,4,1,0
BRDA:92,5,0,1
BRDA:92,5,1,0
BRF:12
BRH:4
end_of_record
