TN:
SF:src\index.ts
FNF:0
FNH:0
LF:0
LH:0
BRF:0
BRH:0
end_of_record
TN:
SF:src\orxe-time-picker.ts
FN:8,(anonymous_0)
FN:34,(anonymous_1)
FN:43,(anonymous_2)
FN:68,(anonymous_3)
FN:80,(anonymous_4)
FN:91,(anonymous_5)
FN:104,(anonymous_6)
FN:111,(anonymous_7)
FNF:8
FNH:5
FNDA:0,(anonymous_0)
FNDA:7,(anonymous_1)
FNDA:1,(anonymous_2)
FNDA:0,(anonymous_3)
FNDA:7,(anonymous_4)
FNDA:0,(anonymous_5)
FNDA:1,(anonymous_6)
FNDA:1,(anonymous_7)
DA:6,7
DA:10,0
DA:11,0
DA:13,0
DA:16,7
DA:19,7
DA:22,7
DA:25,7
DA:30,7
DA:31,7
DA:32,7
DA:35,7
DA:36,7
DA:37,0
DA:44,1
DA:45,1
DA:46,1
DA:47,1
DA:49,1
DA:50,24
DA:51,24
DA:52,24
DA:53,24
DA:54,1
DA:56,24
DA:57,1
DA:59,24
DA:60,24
DA:62,24
DA:63,24
DA:64,24
DA:65,1
DA:66,1
DA:67,1
DA:68,1
DA:69,1
DA:70,1
DA:71,1
DA:81,7
DA:91,0
DA:105,1
DA:112,1
DA:113,1
DA:114,1
DA:115,1
DA:117,1
DA:122,1
DA:128,2
LF:48
LH:43
BRDA:10,0,0,0
BRDA:10,0,1,0
BRDA:10,1,0,0
BRDA:10,1,1,0
BRDA:36,2,0,0
BRDA:36,2,1,7
BRDA:53,3,0,1
BRDA:53,3,1,23
BRDA:56,4,0,1
BRDA:56,4,1,23
BRDA:64,5,0,1
BRDA:64,5,1,23
BRDA:69,6,0,1
BRDA:69,6,1,0
BRDA:86,7,0,7
BRDA:86,7,1,0
BRDA:86,8,0,7
BRDA:86,8,1,7
BRDA:90,9,0,7
BRDA:90,9,1,0
BRDA:114,10,0,1
BRDA:114,10,1,0
BRF:22
BRH:13
end_of_record
